{"/home/travis/build/arf/java-codegen-common/npm/lib/defaults.js":{"path":"/home/travis/build/arf/java-codegen-common/npm/lib/defaults.js","s":{"1":1,"2":2,"3":1,"4":1,"5":0,"6":1,"7":1,"8":2,"9":2,"10":1},"b":{"1":[1,0]},"f":{"1":1,"2":2,"3":1,"4":1},"fnMap":{"1":{"name":"(anonymous_1)","line":21,"loc":{"start":{"line":21,"column":13},"end":{"line":21,"column":29}}},"2":{"name":"(anonymous_2)","line":25,"loc":{"start":{"line":25,"column":11},"end":{"line":25,"column":18}}},"3":{"name":"(anonymous_3)","line":29,"loc":{"start":{"line":29,"column":5},"end":{"line":29,"column":12}}},"4":{"name":"(anonymous_4)","line":37,"loc":{"start":{"line":37,"column":12},"end":{"line":37,"column":24}}}},"statementMap":{"1":{"start":{"line":22,"column":4},"end":{"line":22,"column":39}},"2":{"start":{"line":26,"column":4},"end":{"line":26,"column":36}},"3":{"start":{"line":30,"column":4},"end":{"line":34,"column":5}},"4":{"start":{"line":31,"column":6},"end":{"line":31,"column":45}},"5":{"start":{"line":33,"column":6},"end":{"line":33,"column":46}},"6":{"start":{"line":38,"column":4},"end":{"line":38,"column":30}},"7":{"start":{"line":39,"column":4},"end":{"line":42,"column":5}},"8":{"start":{"line":40,"column":6},"end":{"line":40,"column":28}},"9":{"start":{"line":41,"column":6},"end":{"line":41,"column":49}},"10":{"start":{"line":46,"column":0},"end":{"line":46,"column":36}}},"branchMap":{"1":{"line":30,"type":"if","locations":[{"start":{"line":30,"column":4},"end":{"line":30,"column":4}},{"start":{"line":30,"column":4},"end":{"line":30,"column":4}}]}}}}