{"/home/travis/build/arf/java-codegen-common/npm/lib/config.js":{"path":"/home/travis/build/arf/java-codegen-common/npm/lib/config.js","s":{"1":1,"2":1,"3":1,"4":1,"5":1,"6":1,"7":1,"8":1,"9":7,"10":7,"11":4,"12":3,"13":3,"14":1,"15":2,"16":2,"17":1,"18":1,"19":1,"20":55,"21":55,"22":286,"23":286,"24":55,"25":1,"26":4,"27":116,"28":88,"29":3,"30":1,"31":2,"32":1,"33":1,"34":11,"35":11,"36":1,"37":17,"38":17,"39":18,"40":18,"41":8,"42":2,"43":1,"44":1,"45":1,"46":17,"47":16,"48":16,"49":1,"50":11,"51":11,"52":11,"53":11,"54":3,"55":3,"56":3,"57":0,"58":0,"59":0,"60":0,"61":11,"62":11,"63":11,"64":1,"65":31,"66":31,"67":35,"68":35,"69":19,"70":6,"71":3,"72":3,"73":3,"74":32,"75":29,"76":28,"77":1,"78":54,"79":29,"80":54,"81":54,"82":54,"83":54,"84":54,"85":54,"86":19,"87":54,"88":6,"89":54,"90":6,"91":54,"92":11,"93":16,"94":16,"95":16,"96":14,"97":11,"98":14,"99":14,"100":14,"101":14,"102":14,"103":14,"104":36,"105":36,"106":0,"107":36,"108":1,"109":35,"110":35,"111":35,"112":35,"113":0,"114":1,"115":1,"116":1,"117":54,"118":1},"b":{"1":[4,3],"2":[7,5,4],"3":[1,2],"4":[3,3],"5":[1,1],"6":[2,2],"7":[88,28],"8":[3,85],"9":[1,1],"10":[11,0],"11":[11,10],"12":[17,0],"13":[2,6],"14":[8,3],"15":[1,1],"16":[2,1],"17":[16,1],"18":[11,0],"19":[0,3],"20":[0,0],"21":[11,0],"22":[31,0],"23":[6,13],"24":[3,3],"25":[29,3],"26":[54,29],"27":[14,2],"28":[0,36],"29":[1,35],"30":[35,0]},"f":{"1":7,"2":55,"3":4,"4":2,"5":17,"6":11,"7":54,"8":11},"fnMap":{"1":{"name":"(anonymous_1)","line":29,"loc":{"start":{"line":29,"column":27},"end":{"line":29,"column":38}}},"2":{"name":"(anonymous_2)","line":39,"loc":{"start":{"line":39,"column":25},"end":{"line":39,"column":36}}},"3":{"name":"(anonymous_3)","line":48,"loc":{"start":{"line":48,"column":29},"end":{"line":48,"column":47}}},"4":{"name":"(anonymous_4)","line":59,"loc":{"start":{"line":59,"column":30},"end":{"line":59,"column":58}}},"5":{"name":"(anonymous_5)","line":71,"loc":{"start":{"line":71,"column":35},"end":{"line":71,"column":50}}},"6":{"name":"(anonymous_6)","line":93,"loc":{"start":{"line":93,"column":44},"end":{"line":93,"column":59}}},"7":{"name":"Config","line":138,"loc":{"start":{"line":138,"column":0},"end":{"line":138,"column":26}}},"8":{"name":"(anonymous_8)","line":158,"loc":{"start":{"line":158,"column":24},"end":{"line":158,"column":40}}}},"statementMap":{"1":{"start":{"line":19,"column":0},"end":{"line":19,"column":23}},"2":{"start":{"line":20,"column":0},"end":{"line":20,"column":29}},"3":{"start":{"line":21,"column":0},"end":{"line":21,"column":52}},"4":{"start":{"line":23,"column":0},"end":{"line":23,"column":32}},"5":{"start":{"line":25,"column":0},"end":{"line":25,"column":52}},"6":{"start":{"line":26,"column":0},"end":{"line":26,"column":60}},"7":{"start":{"line":27,"column":0},"end":{"line":27,"column":32}},"8":{"start":{"line":29,"column":0},"end":{"line":37,"column":1}},"9":{"start":{"line":30,"column":2},"end":{"line":30,"column":27}},"10":{"start":{"line":31,"column":2},"end":{"line":31,"column":78}},"11":{"start":{"line":31,"column":65},"end":{"line":31,"column":78}},"12":{"start":{"line":32,"column":2},"end":{"line":32,"column":26}},"13":{"start":{"line":33,"column":2},"end":{"line":33,"column":61}},"14":{"start":{"line":33,"column":48},"end":{"line":33,"column":61}},"15":{"start":{"line":34,"column":2},"end":{"line":34,"column":23}},"16":{"start":{"line":35,"column":2},"end":{"line":35,"column":62}},"17":{"start":{"line":35,"column":49},"end":{"line":35,"column":62}},"18":{"start":{"line":36,"column":2},"end":{"line":36,"column":14}},"19":{"start":{"line":39,"column":0},"end":{"line":46,"column":1}},"20":{"start":{"line":40,"column":2},"end":{"line":40,"column":42}},"21":{"start":{"line":41,"column":2},"end":{"line":44,"column":3}},"22":{"start":{"line":42,"column":4},"end":{"line":42,"column":40}},"23":{"start":{"line":43,"column":4},"end":{"line":43,"column":57}},"24":{"start":{"line":45,"column":2},"end":{"line":45,"column":24}},"25":{"start":{"line":48,"column":0},"end":{"line":57,"column":1}},"26":{"start":{"line":50,"column":2},"end":{"line":56,"column":3}},"27":{"start":{"line":51,"column":4},"end":{"line":55,"column":5}},"28":{"start":{"line":52,"column":8},"end":{"line":54,"column":9}},"29":{"start":{"line":53,"column":10},"end":{"line":53,"column":37}},"30":{"start":{"line":59,"column":0},"end":{"line":69,"column":1}},"31":{"start":{"line":61,"column":2},"end":{"line":63,"column":3}},"32":{"start":{"line":62,"column":4},"end":{"line":62,"column":67}},"33":{"start":{"line":64,"column":2},"end":{"line":68,"column":5}},"34":{"start":{"line":65,"column":4},"end":{"line":67,"column":5}},"35":{"start":{"line":66,"column":6},"end":{"line":66,"column":52}},"36":{"start":{"line":71,"column":0},"end":{"line":91,"column":1}},"37":{"start":{"line":72,"column":2},"end":{"line":89,"column":3}},"38":{"start":{"line":74,"column":4},"end":{"line":88,"column":7}},"39":{"start":{"line":76,"column":6},"end":{"line":76,"column":24}},"40":{"start":{"line":77,"column":6},"end":{"line":86,"column":9}},"41":{"start":{"line":78,"column":8},"end":{"line":85,"column":9}},"42":{"start":{"line":80,"column":10},"end":{"line":83,"column":11}},"43":{"start":{"line":81,"column":12},"end":{"line":81,"column":25}},"44":{"start":{"line":82,"column":12},"end":{"line":82,"column":19}},"45":{"start":{"line":84,"column":10},"end":{"line":84,"column":113}},"46":{"start":{"line":87,"column":6},"end":{"line":87,"column":46}},"47":{"start":{"line":87,"column":18},"end":{"line":87,"column":46}},"48":{"start":{"line":90,"column":2},"end":{"line":90,"column":27}},"49":{"start":{"line":93,"column":0},"end":{"line":115,"column":1}},"50":{"start":{"line":94,"column":2},"end":{"line":113,"column":3}},"51":{"start":{"line":96,"column":4},"end":{"line":112,"column":7}},"52":{"start":{"line":97,"column":6},"end":{"line":97,"column":24}},"53":{"start":{"line":99,"column":6},"end":{"line":110,"column":9}},"54":{"start":{"line":100,"column":8},"end":{"line":100,"column":45}},"55":{"start":{"line":101,"column":8},"end":{"line":101,"column":40}},"56":{"start":{"line":102,"column":8},"end":{"line":109,"column":9}},"57":{"start":{"line":104,"column":10},"end":{"line":107,"column":11}},"58":{"start":{"line":105,"column":12},"end":{"line":105,"column":25}},"59":{"start":{"line":106,"column":12},"end":{"line":106,"column":19}},"60":{"start":{"line":108,"column":10},"end":{"line":108,"column":123}},"61":{"start":{"line":111,"column":6},"end":{"line":111,"column":54}},"62":{"start":{"line":111,"column":17},"end":{"line":111,"column":54}},"63":{"start":{"line":114,"column":2},"end":{"line":114,"column":36}},"64":{"start":{"line":117,"column":0},"end":{"line":136,"column":1}},"65":{"start":{"line":118,"column":2},"end":{"line":134,"column":3}},"66":{"start":{"line":119,"column":4},"end":{"line":133,"column":7}},"67":{"start":{"line":120,"column":6},"end":{"line":120,"column":24}},"68":{"start":{"line":122,"column":6},"end":{"line":131,"column":9}},"69":{"start":{"line":123,"column":8},"end":{"line":130,"column":9}},"70":{"start":{"line":125,"column":10},"end":{"line":128,"column":11}},"71":{"start":{"line":126,"column":12},"end":{"line":126,"column":25}},"72":{"start":{"line":127,"column":12},"end":{"line":127,"column":19}},"73":{"start":{"line":129,"column":10},"end":{"line":129,"column":110}},"74":{"start":{"line":132,"column":6},"end":{"line":132,"column":36}},"75":{"start":{"line":132,"column":17},"end":{"line":132,"column":36}},"76":{"start":{"line":135,"column":2},"end":{"line":135,"column":16}},"77":{"start":{"line":138,"column":0},"end":{"line":197,"column":1}},"78":{"start":{"line":139,"column":2},"end":{"line":139,"column":46}},"79":{"start":{"line":139,"column":42},"end":{"line":139,"column":44}},"80":{"start":{"line":140,"column":2},"end":{"line":140,"column":25}},"81":{"start":{"line":141,"column":2},"end":{"line":141,"column":23}},"82":{"start":{"line":142,"column":2},"end":{"line":142,"column":24}},"83":{"start":{"line":143,"column":2},"end":{"line":143,"column":23}},"84":{"start":{"line":144,"column":2},"end":{"line":144,"column":34}},"85":{"start":{"line":146,"column":2},"end":{"line":148,"column":3}},"86":{"start":{"line":147,"column":4},"end":{"line":147,"column":47}},"87":{"start":{"line":150,"column":2},"end":{"line":152,"column":3}},"88":{"start":{"line":151,"column":4},"end":{"line":151,"column":48}},"89":{"start":{"line":154,"column":2},"end":{"line":156,"column":3}},"90":{"start":{"line":155,"column":4},"end":{"line":155,"column":47}},"91":{"start":{"line":158,"column":2},"end":{"line":194,"column":3}},"92":{"start":{"line":159,"column":4},"end":{"line":165,"column":5}},"93":{"start":{"line":160,"column":6},"end":{"line":160,"column":55}},"94":{"start":{"line":161,"column":6},"end":{"line":161,"column":81}},"95":{"start":{"line":162,"column":6},"end":{"line":164,"column":7}},"96":{"start":{"line":163,"column":8},"end":{"line":163,"column":36}},"97":{"start":{"line":166,"column":4},"end":{"line":193,"column":5}},"98":{"start":{"line":167,"column":6},"end":{"line":167,"column":66}},"99":{"start":{"line":168,"column":6},"end":{"line":168,"column":58}},"100":{"start":{"line":169,"column":6},"end":{"line":169,"column":42}},"101":{"start":{"line":170,"column":6},"end":{"line":192,"column":7}},"102":{"start":{"line":171,"column":8},"end":{"line":171,"column":51}},"103":{"start":{"line":172,"column":8},"end":{"line":187,"column":9}},"104":{"start":{"line":173,"column":10},"end":{"line":173,"column":40}},"105":{"start":{"line":174,"column":10},"end":{"line":176,"column":11}},"106":{"start":{"line":175,"column":12},"end":{"line":175,"column":72}},"107":{"start":{"line":177,"column":10},"end":{"line":179,"column":11}},"108":{"start":{"line":178,"column":12},"end":{"line":178,"column":55}},"109":{"start":{"line":180,"column":10},"end":{"line":180,"column":69}},"110":{"start":{"line":181,"column":10},"end":{"line":181,"column":51}},"111":{"start":{"line":182,"column":10},"end":{"line":186,"column":11}},"112":{"start":{"line":183,"column":12},"end":{"line":183,"column":23}},"113":{"start":{"line":185,"column":12},"end":{"line":185,"column":80}},"114":{"start":{"line":189,"column":8},"end":{"line":189,"column":76}},"115":{"start":{"line":190,"column":8},"end":{"line":190,"column":42}},"116":{"start":{"line":191,"column":8},"end":{"line":191,"column":18}},"117":{"start":{"line":196,"column":2},"end":{"line":196,"column":15}},"118":{"start":{"line":199,"column":0},"end":{"line":199,"column":34}}},"branchMap":{"1":{"line":31,"type":"if","locations":[{"start":{"line":31,"column":2},"end":{"line":31,"column":2}},{"start":{"line":31,"column":2},"end":{"line":31,"column":2}}]},"2":{"line":31,"type":"binary-expr","locations":[{"start":{"line":31,"column":5},"end":{"line":31,"column":11}},{"start":{"line":31,"column":15},"end":{"line":31,"column":40}},{"start":{"line":31,"column":45},"end":{"line":31,"column":62}}]},"3":{"line":33,"type":"if","locations":[{"start":{"line":33,"column":2},"end":{"line":33,"column":2}},{"start":{"line":33,"column":2},"end":{"line":33,"column":2}}]},"4":{"line":33,"type":"binary-expr","locations":[{"start":{"line":33,"column":5},"end":{"line":33,"column":10}},{"start":{"line":33,"column":14},"end":{"line":33,"column":46}}]},"5":{"line":35,"type":"if","locations":[{"start":{"line":35,"column":2},"end":{"line":35,"column":2}},{"start":{"line":35,"column":2},"end":{"line":35,"column":2}}]},"6":{"line":35,"type":"binary-expr","locations":[{"start":{"line":35,"column":5},"end":{"line":35,"column":11}},{"start":{"line":35,"column":15},"end":{"line":35,"column":47}}]},"7":{"line":51,"type":"if","locations":[{"start":{"line":51,"column":4},"end":{"line":51,"column":4}},{"start":{"line":51,"column":4},"end":{"line":51,"column":4}}]},"8":{"line":52,"type":"if","locations":[{"start":{"line":52,"column":8},"end":{"line":52,"column":8}},{"start":{"line":52,"column":8},"end":{"line":52,"column":8}}]},"9":{"line":61,"type":"if","locations":[{"start":{"line":61,"column":2},"end":{"line":61,"column":2}},{"start":{"line":61,"column":2},"end":{"line":61,"column":2}}]},"10":{"line":65,"type":"if","locations":[{"start":{"line":65,"column":4},"end":{"line":65,"column":4}},{"start":{"line":65,"column":4},"end":{"line":65,"column":4}}]},"11":{"line":66,"type":"binary-expr","locations":[{"start":{"line":66,"column":18},"end":{"line":66,"column":30}},{"start":{"line":66,"column":34},"end":{"line":66,"column":51}}]},"12":{"line":72,"type":"if","locations":[{"start":{"line":72,"column":2},"end":{"line":72,"column":2}},{"start":{"line":72,"column":2},"end":{"line":72,"column":2}}]},"13":{"line":78,"type":"if","locations":[{"start":{"line":78,"column":8},"end":{"line":78,"column":8}},{"start":{"line":78,"column":8},"end":{"line":78,"column":8}}]},"14":{"line":78,"type":"binary-expr","locations":[{"start":{"line":78,"column":12},"end":{"line":78,"column":44}},{"start":{"line":78,"column":50},"end":{"line":78,"column":88}}]},"15":{"line":80,"type":"if","locations":[{"start":{"line":80,"column":10},"end":{"line":80,"column":10}},{"start":{"line":80,"column":10},"end":{"line":80,"column":10}}]},"16":{"line":80,"type":"binary-expr","locations":[{"start":{"line":80,"column":14},"end":{"line":80,"column":46}},{"start":{"line":80,"column":52},"end":{"line":80,"column":80}}]},"17":{"line":87,"type":"if","locations":[{"start":{"line":87,"column":6},"end":{"line":87,"column":6}},{"start":{"line":87,"column":6},"end":{"line":87,"column":6}}]},"18":{"line":94,"type":"if","locations":[{"start":{"line":94,"column":2},"end":{"line":94,"column":2}},{"start":{"line":94,"column":2},"end":{"line":94,"column":2}}]},"19":{"line":102,"type":"if","locations":[{"start":{"line":102,"column":8},"end":{"line":102,"column":8}},{"start":{"line":102,"column":8},"end":{"line":102,"column":8}}]},"20":{"line":104,"type":"if","locations":[{"start":{"line":104,"column":10},"end":{"line":104,"column":10}},{"start":{"line":104,"column":10},"end":{"line":104,"column":10}}]},"21":{"line":111,"type":"if","locations":[{"start":{"line":111,"column":6},"end":{"line":111,"column":6}},{"start":{"line":111,"column":6},"end":{"line":111,"column":6}}]},"22":{"line":118,"type":"if","locations":[{"start":{"line":118,"column":2},"end":{"line":118,"column":2}},{"start":{"line":118,"column":2},"end":{"line":118,"column":2}}]},"23":{"line":123,"type":"if","locations":[{"start":{"line":123,"column":8},"end":{"line":123,"column":8}},{"start":{"line":123,"column":8},"end":{"line":123,"column":8}}]},"24":{"line":125,"type":"if","locations":[{"start":{"line":125,"column":10},"end":{"line":125,"column":10}},{"start":{"line":125,"column":10},"end":{"line":125,"column":10}}]},"25":{"line":132,"type":"if","locations":[{"start":{"line":132,"column":6},"end":{"line":132,"column":6}},{"start":{"line":132,"column":6},"end":{"line":132,"column":6}}]},"26":{"line":139,"type":"binary-expr","locations":[{"start":{"line":139,"column":18},"end":{"line":139,"column":26}},{"start":{"line":139,"column":30},"end":{"line":139,"column":45}}]},"27":{"line":162,"type":"if","locations":[{"start":{"line":162,"column":6},"end":{"line":162,"column":6}},{"start":{"line":162,"column":6},"end":{"line":162,"column":6}}]},"28":{"line":174,"type":"if","locations":[{"start":{"line":174,"column":10},"end":{"line":174,"column":10}},{"start":{"line":174,"column":10},"end":{"line":174,"column":10}}]},"29":{"line":177,"type":"if","locations":[{"start":{"line":177,"column":10},"end":{"line":177,"column":10}},{"start":{"line":177,"column":10},"end":{"line":177,"column":10}}]},"30":{"line":182,"type":"if","locations":[{"start":{"line":182,"column":10},"end":{"line":182,"column":10}},{"start":{"line":182,"column":10},"end":{"line":182,"column":10}}]}}},"/home/travis/build/arf/java-codegen-common/npm/lib/helpers.js":{"path":"/home/travis/build/arf/java-codegen-common/npm/lib/helpers.js","s":{"1":1,"2":1,"3":9,"4":9,"5":5,"6":5,"7":4,"8":1,"9":4,"10":4,"11":2,"12":2,"13":2,"14":1,"15":1,"16":1,"17":1,"18":1,"19":3,"20":6,"21":2,"22":1,"23":1},"b":{"1":[2,7],"2":[5,4],"3":[2,2],"4":[2,2],"5":[2,4],"6":[6,3]},"f":{"1":9,"2":4,"3":1,"4":1,"5":3},"fnMap":{"1":{"name":"(anonymous_1)","line":22,"loc":{"start":{"line":22,"column":33},"end":{"line":22,"column":69}}},"2":{"name":"(anonymous_2)","line":34,"loc":{"start":{"line":34,"column":37},"end":{"line":34,"column":73}}},"3":{"name":"(anonymous_3)","line":47,"loc":{"start":{"line":47,"column":41},"end":{"line":47,"column":59}}},"4":{"name":"(anonymous_4)","line":52,"loc":{"start":{"line":52,"column":41},"end":{"line":52,"column":59}}},"5":{"name":"(anonymous_5)","line":56,"loc":{"start":{"line":56,"column":44},"end":{"line":56,"column":55}}}},"statementMap":{"1":{"start":{"line":19,"column":0},"end":{"line":19,"column":39}},"2":{"start":{"line":22,"column":0},"end":{"line":31,"column":3}},"3":{"start":{"line":23,"column":2},"end":{"line":23,"column":89}},"4":{"start":{"line":25,"column":2},"end":{"line":28,"column":3}},"5":{"start":{"line":26,"column":4},"end":{"line":26,"column":52}},"6":{"start":{"line":27,"column":4},"end":{"line":27,"column":91}},"7":{"start":{"line":30,"column":2},"end":{"line":30,"column":19}},"8":{"start":{"line":34,"column":0},"end":{"line":44,"column":3}},"9":{"start":{"line":35,"column":2},"end":{"line":35,"column":91}},"10":{"start":{"line":37,"column":2},"end":{"line":41,"column":3}},"11":{"start":{"line":38,"column":4},"end":{"line":38,"column":52}},"12":{"start":{"line":40,"column":4},"end":{"line":40,"column":91}},"13":{"start":{"line":43,"column":2},"end":{"line":43,"column":19}},"14":{"start":{"line":47,"column":0},"end":{"line":49,"column":3}},"15":{"start":{"line":48,"column":2},"end":{"line":48,"column":39}},"16":{"start":{"line":52,"column":0},"end":{"line":54,"column":3}},"17":{"start":{"line":53,"column":2},"end":{"line":53,"column":39}},"18":{"start":{"line":56,"column":0},"end":{"line":63,"column":3}},"19":{"start":{"line":57,"column":2},"end":{"line":61,"column":3}},"20":{"start":{"line":58,"column":4},"end":{"line":60,"column":5}},"21":{"start":{"line":59,"column":6},"end":{"line":59,"column":26}},"22":{"start":{"line":62,"column":2},"end":{"line":62,"column":21}},"23":{"start":{"line":65,"column":0},"end":{"line":67,"column":1}}},"branchMap":{"1":{"line":23,"type":"cond-expr","locations":[{"start":{"line":23,"column":39},"end":{"line":23,"column":64}},{"start":{"line":23,"column":68},"end":{"line":23,"column":87}}]},"2":{"line":25,"type":"if","locations":[{"start":{"line":25,"column":2},"end":{"line":25,"column":2}},{"start":{"line":25,"column":2},"end":{"line":25,"column":2}}]},"3":{"line":35,"type":"cond-expr","locations":[{"start":{"line":35,"column":41},"end":{"line":35,"column":67}},{"start":{"line":35,"column":71},"end":{"line":35,"column":89}}]},"4":{"line":37,"type":"if","locations":[{"start":{"line":37,"column":2},"end":{"line":37,"column":2}},{"start":{"line":37,"column":2},"end":{"line":37,"column":2}}]},"5":{"line":58,"type":"if","locations":[{"start":{"line":58,"column":4},"end":{"line":58,"column":4}},{"start":{"line":58,"column":4},"end":{"line":58,"column":4}}]},"6":{"line":58,"type":"binary-expr","locations":[{"start":{"line":58,"column":8},"end":{"line":58,"column":20}},{"start":{"line":58,"column":24},"end":{"line":58,"column":56}}]}}},"/home/travis/build/arf/java-codegen-common/npm/lib/log.js":{"path":"/home/travis/build/arf/java-codegen-common/npm/lib/log.js","s":{"1":1,"2":1,"3":1,"4":46,"5":1,"6":1,"7":45,"8":5,"9":40,"10":1,"11":4,"12":1,"13":5,"14":1},"b":{"1":[1,45],"2":[5,40],"3":[45,40,40]},"f":{"1":46,"2":4,"3":5},"fnMap":{"1":{"name":"(anonymous_1)","line":22,"loc":{"start":{"line":22,"column":17},"end":{"line":22,"column":40}}},"2":{"name":"(anonymous_2)","line":34,"loc":{"start":{"line":34,"column":14},"end":{"line":34,"column":25}}},"3":{"name":"(anonymous_3)","line":39,"loc":{"start":{"line":39,"column":12},"end":{"line":39,"column":23}}}},"statementMap":{"1":{"start":{"line":19,"column":0},"end":{"line":19,"column":13}},"2":{"start":{"line":20,"column":0},"end":{"line":20,"column":29}},"3":{"start":{"line":22,"column":0},"end":{"line":32,"column":1}},"4":{"start":{"line":23,"column":2},"end":{"line":26,"column":3}},"5":{"start":{"line":24,"column":4},"end":{"line":24,"column":38}},"6":{"start":{"line":25,"column":4},"end":{"line":25,"column":11}},"7":{"start":{"line":27,"column":2},"end":{"line":31,"column":3}},"8":{"start":{"line":28,"column":4},"end":{"line":28,"column":36}},"9":{"start":{"line":30,"column":4},"end":{"line":30,"column":50}},"10":{"start":{"line":34,"column":0},"end":{"line":36,"column":1}},"11":{"start":{"line":35,"column":2},"end":{"line":35,"column":13}},"12":{"start":{"line":39,"column":0},"end":{"line":41,"column":1}},"13":{"start":{"line":40,"column":2},"end":{"line":40,"column":11}},"14":{"start":{"line":43,"column":0},"end":{"line":48,"column":1}}},"branchMap":{"1":{"line":23,"type":"if","locations":[{"start":{"line":23,"column":2},"end":{"line":23,"column":2}},{"start":{"line":23,"column":2},"end":{"line":23,"column":2}}]},"2":{"line":27,"type":"if","locations":[{"start":{"line":27,"column":2},"end":{"line":27,"column":2}},{"start":{"line":27,"column":2},"end":{"line":27,"column":2}}]},"3":{"line":27,"type":"binary-expr","locations":[{"start":{"line":27,"column":6},"end":{"line":27,"column":30}},{"start":{"line":27,"column":36},"end":{"line":27,"column":60}},{"start":{"line":27,"column":66},"end":{"line":27,"column":91}}]}}},"/home/travis/build/arf/java-codegen-common/npm/lib/control.js":{"path":"/home/travis/build/arf/java-codegen-common/npm/lib/control.js","s":{"1":1,"2":1,"3":1,"4":1,"5":1,"6":1,"7":1,"8":1,"9":1,"10":22,"11":1,"12":21,"13":1,"14":20,"15":20,"16":20,"17":1,"18":2,"19":1,"20":10,"21":1,"22":9,"23":1,"24":2,"25":1,"26":20,"27":20,"28":20,"29":9,"30":11,"31":11,"32":11,"33":11,"34":11,"35":11,"36":10,"37":10,"38":10,"39":6,"40":6,"41":6,"42":6,"43":0,"44":0,"45":0,"46":0,"47":6,"48":6,"49":1,"50":1,"51":1,"52":10,"53":1,"54":14,"55":6,"56":8,"57":1,"58":7,"59":7,"60":7,"61":2,"62":5,"63":5,"64":5,"65":5,"66":2,"67":3,"68":1,"69":11,"70":1,"71":10,"72":1,"73":4,"74":2,"75":2,"76":1,"77":0,"78":0,"79":0,"80":1},"b":{"1":[1,21],"2":[1,20],"3":[9,11],"4":[10,0],"5":[6,4],"6":[0,6],"7":[0,0],"8":[6,8],"9":[1,7],"10":[8,1],"11":[7,0],"12":[2,5],"13":[5,0],"14":[2,3],"15":[1,10],"16":[11,6],"17":[2,2],"18":[4,4],"19":[0,0],"20":[0,0]},"f":{"1":22,"2":2,"3":10,"4":9,"5":2,"6":20,"7":14,"8":11,"9":4,"10":0},"fnMap":{"1":{"name":"Control","line":31,"loc":{"start":{"line":31,"column":0},"end":{"line":31,"column":31}}},"2":{"name":"(anonymous_2)","line":43,"loc":{"start":{"line":43,"column":28},"end":{"line":43,"column":39}}},"3":{"name":"(anonymous_3)","line":47,"loc":{"start":{"line":47,"column":30},"end":{"line":47,"column":53}}},"4":{"name":"(anonymous_4)","line":51,"loc":{"start":{"line":51,"column":29},"end":{"line":51,"column":52}}},"5":{"name":"(anonymous_5)","line":56,"loc":{"start":{"line":56,"column":31},"end":{"line":56,"column":42}}},"6":{"name":"(anonymous_6)","line":61,"loc":{"start":{"line":61,"column":35},"end":{"line":61,"column":46}}},"7":{"name":"(anonymous_7)","line":108,"loc":{"start":{"line":108,"column":35},"end":{"line":108,"column":58}}},"8":{"name":"(anonymous_8)","line":136,"loc":{"start":{"line":136,"column":30},"end":{"line":136,"column":63}}},"9":{"name":"(anonymous_9)","line":145,"loc":{"start":{"line":145,"column":35},"end":{"line":145,"column":46}}},"10":{"name":"(anonymous_10)","line":154,"loc":{"start":{"line":154,"column":38},"end":{"line":154,"column":53}}}},"statementMap":{"1":{"start":{"line":19,"column":0},"end":{"line":19,"column":23}},"2":{"start":{"line":20,"column":0},"end":{"line":20,"column":29}},"3":{"start":{"line":21,"column":0},"end":{"line":21,"column":51}},"4":{"start":{"line":22,"column":0},"end":{"line":22,"column":29}},"5":{"start":{"line":23,"column":0},"end":{"line":23,"column":39}},"6":{"start":{"line":24,"column":0},"end":{"line":24,"column":30}},"7":{"start":{"line":27,"column":0},"end":{"line":27,"column":34}},"8":{"start":{"line":29,"column":0},"end":{"line":29,"column":32}},"9":{"start":{"line":31,"column":0},"end":{"line":41,"column":1}},"10":{"start":{"line":32,"column":2},"end":{"line":34,"column":3}},"11":{"start":{"line":33,"column":4},"end":{"line":33,"column":67}},"12":{"start":{"line":35,"column":2},"end":{"line":37,"column":3}},"13":{"start":{"line":36,"column":4},"end":{"line":36,"column":69}},"14":{"start":{"line":38,"column":2},"end":{"line":38,"column":19}},"15":{"start":{"line":39,"column":2},"end":{"line":39,"column":23}},"16":{"start":{"line":40,"column":2},"end":{"line":40,"column":24}},"17":{"start":{"line":43,"column":0},"end":{"line":45,"column":1}},"18":{"start":{"line":44,"column":2},"end":{"line":44,"column":31}},"19":{"start":{"line":47,"column":0},"end":{"line":49,"column":1}},"20":{"start":{"line":48,"column":2},"end":{"line":48,"column":41}},"21":{"start":{"line":51,"column":0},"end":{"line":53,"column":1}},"22":{"start":{"line":52,"column":2},"end":{"line":52,"column":40}},"23":{"start":{"line":56,"column":0},"end":{"line":58,"column":1}},"24":{"start":{"line":57,"column":2},"end":{"line":57,"column":40}},"25":{"start":{"line":61,"column":0},"end":{"line":105,"column":1}},"26":{"start":{"line":63,"column":2},"end":{"line":63,"column":32}},"27":{"start":{"line":64,"column":2},"end":{"line":64,"column":53}},"28":{"start":{"line":65,"column":2},"end":{"line":68,"column":3}},"29":{"start":{"line":67,"column":4},"end":{"line":67,"column":11}},"30":{"start":{"line":71,"column":2},"end":{"line":71,"column":47}},"31":{"start":{"line":72,"column":2},"end":{"line":72,"column":73}},"32":{"start":{"line":73,"column":2},"end":{"line":73,"column":54}},"33":{"start":{"line":74,"column":2},"end":{"line":74,"column":45}},"34":{"start":{"line":75,"column":2},"end":{"line":103,"column":3}},"35":{"start":{"line":76,"column":4},"end":{"line":76,"column":49}},"36":{"start":{"line":77,"column":4},"end":{"line":98,"column":5}},"37":{"start":{"line":78,"column":6},"end":{"line":78,"column":45}},"38":{"start":{"line":79,"column":6},"end":{"line":97,"column":7}},"39":{"start":{"line":80,"column":8},"end":{"line":80,"column":64}},"40":{"start":{"line":81,"column":8},"end":{"line":81,"column":43}},"41":{"start":{"line":82,"column":8},"end":{"line":95,"column":9}},"42":{"start":{"line":83,"column":10},"end":{"line":94,"column":11}},"43":{"start":{"line":85,"column":12},"end":{"line":85,"column":55}},"44":{"start":{"line":86,"column":12},"end":{"line":90,"column":13}},"45":{"start":{"line":87,"column":14},"end":{"line":87,"column":81}},"46":{"start":{"line":89,"column":14},"end":{"line":89,"column":83}},"47":{"start":{"line":93,"column":12},"end":{"line":93,"column":105}},"48":{"start":{"line":96,"column":8},"end":{"line":96,"column":109}},"49":{"start":{"line":100,"column":4},"end":{"line":100,"column":55}},"50":{"start":{"line":101,"column":4},"end":{"line":101,"column":66}},"51":{"start":{"line":102,"column":4},"end":{"line":102,"column":14}},"52":{"start":{"line":104,"column":2},"end":{"line":104,"column":55}},"53":{"start":{"line":108,"column":0},"end":{"line":134,"column":1}},"54":{"start":{"line":109,"column":2},"end":{"line":111,"column":3}},"55":{"start":{"line":110,"column":4},"end":{"line":110,"column":16}},"56":{"start":{"line":112,"column":2},"end":{"line":114,"column":3}},"57":{"start":{"line":113,"column":4},"end":{"line":113,"column":16}},"58":{"start":{"line":115,"column":2},"end":{"line":122,"column":3}},"59":{"start":{"line":116,"column":4},"end":{"line":121,"column":5}},"60":{"start":{"line":117,"column":6},"end":{"line":120,"column":7}},"61":{"start":{"line":119,"column":8},"end":{"line":119,"column":21}},"62":{"start":{"line":123,"column":2},"end":{"line":131,"column":3}},"63":{"start":{"line":124,"column":4},"end":{"line":130,"column":5}},"64":{"start":{"line":125,"column":6},"end":{"line":125,"column":44}},"65":{"start":{"line":126,"column":6},"end":{"line":129,"column":7}},"66":{"start":{"line":128,"column":8},"end":{"line":128,"column":21}},"67":{"start":{"line":133,"column":2},"end":{"line":133,"column":14}},"68":{"start":{"line":136,"column":0},"end":{"line":142,"column":1}},"69":{"start":{"line":137,"column":2},"end":{"line":141,"column":3}},"70":{"start":{"line":138,"column":4},"end":{"line":138,"column":76}},"71":{"start":{"line":140,"column":4},"end":{"line":140,"column":76}},"72":{"start":{"line":145,"column":0},"end":{"line":151,"column":1}},"73":{"start":{"line":146,"column":2},"end":{"line":150,"column":3}},"74":{"start":{"line":147,"column":4},"end":{"line":147,"column":41}},"75":{"start":{"line":149,"column":4},"end":{"line":149,"column":14}},"76":{"start":{"line":154,"column":0},"end":{"line":160,"column":1}},"77":{"start":{"line":155,"column":2},"end":{"line":159,"column":3}},"78":{"start":{"line":156,"column":4},"end":{"line":156,"column":51}},"79":{"start":{"line":158,"column":4},"end":{"line":158,"column":14}},"80":{"start":{"line":162,"column":0},"end":{"line":162,"column":35}}},"branchMap":{"1":{"line":32,"type":"if","locations":[{"start":{"line":32,"column":2},"end":{"line":32,"column":2}},{"start":{"line":32,"column":2},"end":{"line":32,"column":2}}]},"2":{"line":35,"type":"if","locations":[{"start":{"line":35,"column":2},"end":{"line":35,"column":2}},{"start":{"line":35,"column":2},"end":{"line":35,"column":2}}]},"3":{"line":65,"type":"if","locations":[{"start":{"line":65,"column":2},"end":{"line":65,"column":2}},{"start":{"line":65,"column":2},"end":{"line":65,"column":2}}]},"4":{"line":77,"type":"if","locations":[{"start":{"line":77,"column":4},"end":{"line":77,"column":4}},{"start":{"line":77,"column":4},"end":{"line":77,"column":4}}]},"5":{"line":79,"type":"if","locations":[{"start":{"line":79,"column":6},"end":{"line":79,"column":6}},{"start":{"line":79,"column":6},"end":{"line":79,"column":6}}]},"6":{"line":83,"type":"if","locations":[{"start":{"line":83,"column":10},"end":{"line":83,"column":10}},{"start":{"line":83,"column":10},"end":{"line":83,"column":10}}]},"7":{"line":86,"type":"if","locations":[{"start":{"line":86,"column":12},"end":{"line":86,"column":12}},{"start":{"line":86,"column":12},"end":{"line":86,"column":12}}]},"8":{"line":109,"type":"if","locations":[{"start":{"line":109,"column":2},"end":{"line":109,"column":2}},{"start":{"line":109,"column":2},"end":{"line":109,"column":2}}]},"9":{"line":112,"type":"if","locations":[{"start":{"line":112,"column":2},"end":{"line":112,"column":2}},{"start":{"line":112,"column":2},"end":{"line":112,"column":2}}]},"10":{"line":112,"type":"binary-expr","locations":[{"start":{"line":112,"column":5},"end":{"line":112,"column":32}},{"start":{"line":112,"column":36},"end":{"line":112,"column":66}}]},"11":{"line":115,"type":"if","locations":[{"start":{"line":115,"column":2},"end":{"line":115,"column":2}},{"start":{"line":115,"column":2},"end":{"line":115,"column":2}}]},"12":{"line":117,"type":"if","locations":[{"start":{"line":117,"column":6},"end":{"line":117,"column":6}},{"start":{"line":117,"column":6},"end":{"line":117,"column":6}}]},"13":{"line":123,"type":"if","locations":[{"start":{"line":123,"column":2},"end":{"line":123,"column":2}},{"start":{"line":123,"column":2},"end":{"line":123,"column":2}}]},"14":{"line":126,"type":"if","locations":[{"start":{"line":126,"column":6},"end":{"line":126,"column":6}},{"start":{"line":126,"column":6},"end":{"line":126,"column":6}}]},"15":{"line":137,"type":"if","locations":[{"start":{"line":137,"column":2},"end":{"line":137,"column":2}},{"start":{"line":137,"column":2},"end":{"line":137,"column":2}}]},"16":{"line":137,"type":"binary-expr","locations":[{"start":{"line":137,"column":5},"end":{"line":137,"column":22}},{"start":{"line":137,"column":26},"end":{"line":137,"column":53}}]},"17":{"line":146,"type":"if","locations":[{"start":{"line":146,"column":2},"end":{"line":146,"column":2}},{"start":{"line":146,"column":2},"end":{"line":146,"column":2}}]},"18":{"line":146,"type":"binary-expr","locations":[{"start":{"line":146,"column":5},"end":{"line":146,"column":22}},{"start":{"line":146,"column":26},"end":{"line":146,"column":55}}]},"19":{"line":155,"type":"if","locations":[{"start":{"line":155,"column":2},"end":{"line":155,"column":2}},{"start":{"line":155,"column":2},"end":{"line":155,"column":2}}]},"20":{"line":155,"type":"binary-expr","locations":[{"start":{"line":155,"column":5},"end":{"line":155,"column":22}},{"start":{"line":155,"column":26},"end":{"line":155,"column":65}}]}}},"/home/travis/build/arf/java-codegen-common/npm/lib/javarules.js":{"path":"/home/travis/build/arf/java-codegen-common/npm/lib/javarules.js","s":{"1":1,"2":0,"3":0,"4":0,"5":0,"6":0,"7":0,"8":0,"9":0,"10":0,"11":0,"12":0,"13":0,"14":0,"15":0,"16":0,"17":0,"18":1,"19":0,"20":1,"21":0,"22":1,"23":0,"24":0,"25":0,"26":0,"27":0,"28":1},"b":{"1":[0,0],"2":[0,0],"3":[0,0],"4":[0,0],"5":[0,0],"6":[0,0]},"f":{"1":0,"2":0,"3":0,"4":0},"fnMap":{"1":{"name":"convertToJavaName","line":19,"loc":{"start":{"line":19,"column":0},"end":{"line":19,"column":42}}},"2":{"name":"(anonymous_2)","line":44,"loc":{"start":{"line":44,"column":17},"end":{"line":44,"column":32}}},"3":{"name":"(anonymous_3)","line":48,"loc":{"start":{"line":48,"column":16},"end":{"line":48,"column":31}}},"4":{"name":"(anonymous_4)","line":52,"loc":{"start":{"line":52,"column":15},"end":{"line":52,"column":30}}}},"statementMap":{"1":{"start":{"line":19,"column":0},"end":{"line":42,"column":1}},"2":{"start":{"line":20,"column":2},"end":{"line":20,"column":38}},"3":{"start":{"line":20,"column":19},"end":{"line":20,"column":38}},"4":{"start":{"line":21,"column":2},"end":{"line":21,"column":21}},"5":{"start":{"line":22,"column":2},"end":{"line":22,"column":18}},"6":{"start":{"line":23,"column":2},"end":{"line":40,"column":3}},"7":{"start":{"line":24,"column":4},"end":{"line":24,"column":27}},"8":{"start":{"line":25,"column":4},"end":{"line":31,"column":5}},"9":{"start":{"line":26,"column":6},"end":{"line":30,"column":7}},"10":{"start":{"line":27,"column":8},"end":{"line":27,"column":28}},"11":{"start":{"line":29,"column":8},"end":{"line":29,"column":28}},"12":{"start":{"line":32,"column":4},"end":{"line":39,"column":5}},"13":{"start":{"line":34,"column":8},"end":{"line":34,"column":22}},"14":{"start":{"line":35,"column":8},"end":{"line":35,"column":14}},"15":{"start":{"line":37,"column":8},"end":{"line":37,"column":20}},"16":{"start":{"line":38,"column":8},"end":{"line":38,"column":14}},"17":{"start":{"line":41,"column":2},"end":{"line":41,"column":16}},"18":{"start":{"line":44,"column":0},"end":{"line":46,"column":1}},"19":{"start":{"line":45,"column":2},"end":{"line":45,"column":40}},"20":{"start":{"line":48,"column":0},"end":{"line":50,"column":1}},"21":{"start":{"line":49,"column":2},"end":{"line":49,"column":39}},"22":{"start":{"line":52,"column":0},"end":{"line":56,"column":1}},"23":{"start":{"line":53,"column":2},"end":{"line":53,"column":40}},"24":{"start":{"line":53,"column":24},"end":{"line":53,"column":40}},"25":{"start":{"line":54,"column":2},"end":{"line":54,"column":39}},"26":{"start":{"line":54,"column":25},"end":{"line":54,"column":39}},"27":{"start":{"line":55,"column":2},"end":{"line":55,"column":18}},"28":{"start":{"line":58,"column":0},"end":{"line":62,"column":2}}},"branchMap":{"1":{"line":20,"type":"if","locations":[{"start":{"line":20,"column":2},"end":{"line":20,"column":2}},{"start":{"line":20,"column":2},"end":{"line":20,"column":2}}]},"2":{"line":25,"type":"if","locations":[{"start":{"line":25,"column":4},"end":{"line":25,"column":4}},{"start":{"line":25,"column":4},"end":{"line":25,"column":4}}]},"3":{"line":26,"type":"if","locations":[{"start":{"line":26,"column":6},"end":{"line":26,"column":6}},{"start":{"line":26,"column":6},"end":{"line":26,"column":6}}]},"4":{"line":32,"type":"switch","locations":[{"start":{"line":33,"column":6},"end":{"line":35,"column":14}},{"start":{"line":36,"column":6},"end":{"line":38,"column":14}}]},"5":{"line":53,"type":"if","locations":[{"start":{"line":53,"column":2},"end":{"line":53,"column":2}},{"start":{"line":53,"column":2},"end":{"line":53,"column":2}}]},"6":{"line":54,"type":"if","locations":[{"start":{"line":54,"column":2},"end":{"line":54,"column":2}},{"start":{"line":54,"column":2},"end":{"line":54,"column":2}}]}}},"/home/travis/build/arf/java-codegen-common/npm/lib/defaults.js":{"path":"/home/travis/build/arf/java-codegen-common/npm/lib/defaults.js","s":{"1":1,"2":2,"3":3,"4":1,"5":2,"6":0,"7":0,"8":0,"9":0,"10":1},"b":{"1":[1,2]},"f":{"1":1,"2":2,"3":3,"4":0},"fnMap":{"1":{"name":"(anonymous_1)","line":21,"loc":{"start":{"line":21,"column":13},"end":{"line":21,"column":29}}},"2":{"name":"(anonymous_2)","line":25,"loc":{"start":{"line":25,"column":11},"end":{"line":25,"column":18}}},"3":{"name":"(anonymous_3)","line":29,"loc":{"start":{"line":29,"column":5},"end":{"line":29,"column":12}}},"4":{"name":"(anonymous_4)","line":37,"loc":{"start":{"line":37,"column":12},"end":{"line":37,"column":24}}}},"statementMap":{"1":{"start":{"line":22,"column":4},"end":{"line":22,"column":39}},"2":{"start":{"line":26,"column":4},"end":{"line":26,"column":36}},"3":{"start":{"line":30,"column":4},"end":{"line":34,"column":5}},"4":{"start":{"line":31,"column":6},"end":{"line":31,"column":45}},"5":{"start":{"line":33,"column":6},"end":{"line":33,"column":46}},"6":{"start":{"line":38,"column":4},"end":{"line":38,"column":30}},"7":{"start":{"line":39,"column":4},"end":{"line":42,"column":5}},"8":{"start":{"line":40,"column":6},"end":{"line":40,"column":28}},"9":{"start":{"line":41,"column":6},"end":{"line":41,"column":49}},"10":{"start":{"line":46,"column":0},"end":{"line":46,"column":36}}},"branchMap":{"1":{"line":30,"type":"if","locations":[{"start":{"line":30,"column":4},"end":{"line":30,"column":4}},{"start":{"line":30,"column":4},"end":{"line":30,"column":4}}]}}},"/home/travis/build/arf/java-codegen-common/npm/lib/fsprocessor.js":{"path":"/home/travis/build/arf/java-codegen-common/npm/lib/fsprocessor.js","s":{"1":1,"2":1,"3":1,"4":1,"5":1,"6":1,"7":12,"8":12,"9":12,"10":1,"11":1,"12":1,"13":1,"14":11,"15":11,"16":17,"17":17,"18":17,"19":6,"20":6,"21":11,"22":11,"23":11,"24":1,"25":1,"26":1,"27":1,"28":10,"29":9,"30":9,"31":9,"32":9,"33":7,"34":10,"35":10,"36":1,"37":5,"38":5,"39":5,"40":5,"41":10,"42":11,"43":0,"44":11,"45":11,"46":35,"47":35,"48":7,"49":3,"50":1,"51":8,"52":1,"53":7,"54":1,"55":6,"56":1,"57":5,"58":5,"59":5,"60":6,"61":6,"62":5,"63":5,"64":5,"65":5,"66":6,"67":5,"68":1,"69":5,"70":5,"71":1,"72":1,"73":4,"74":4,"75":1,"76":1,"77":3,"78":3,"79":3,"80":3,"81":2,"82":0,"83":0,"84":1},"b":{"1":[1,11],"2":[6,11],"3":[1,10],"4":[1,9],"5":[10,9],"6":[9,0],"7":[7,2],"8":[0,11],"9":[35,0],"10":[7,28],"11":[35,35],"12":[1,7],"13":[1,6],"14":[1,5],"15":[1,4],"16":[1,3]},"f":{"1":12,"2":5,"3":10,"4":8,"5":5},"fnMap":{"1":{"name":"(anonymous_1)","line":29,"loc":{"start":{"line":29,"column":14},"end":{"line":29,"column":48}}},"2":{"name":"Resolver","line":79,"loc":{"start":{"line":79,"column":0},"end":{"line":79,"column":20}}},"3":{"name":"(anonymous_3)","line":83,"loc":{"start":{"line":83,"column":20},"end":{"line":83,"column":31}}},"4":{"name":"(anonymous_4)","line":104,"loc":{"start":{"line":104,"column":16},"end":{"line":104,"column":44}}},"5":{"name":"(anonymous_5)","line":138,"loc":{"start":{"line":138,"column":22},"end":{"line":138,"column":38}}}},"statementMap":{"1":{"start":{"line":21,"column":0},"end":{"line":21,"column":23}},"2":{"start":{"line":22,"column":0},"end":{"line":22,"column":29}},"3":{"start":{"line":23,"column":0},"end":{"line":23,"column":35}},"4":{"start":{"line":24,"column":0},"end":{"line":24,"column":30}},"5":{"start":{"line":26,"column":0},"end":{"line":26,"column":11}},"6":{"start":{"line":29,"column":0},"end":{"line":76,"column":1}},"7":{"start":{"line":30,"column":2},"end":{"line":30,"column":34}},"8":{"start":{"line":31,"column":2},"end":{"line":75,"column":5}},"9":{"start":{"line":32,"column":6},"end":{"line":38,"column":7}},"10":{"start":{"line":34,"column":8},"end":{"line":34,"column":75}},"11":{"start":{"line":35,"column":8},"end":{"line":35,"column":47}},"12":{"start":{"line":36,"column":8},"end":{"line":36,"column":29}},"13":{"start":{"line":37,"column":8},"end":{"line":37,"column":15}},"14":{"start":{"line":40,"column":6},"end":{"line":40,"column":41}},"15":{"start":{"line":41,"column":6},"end":{"line":74,"column":9}},"16":{"start":{"line":42,"column":8},"end":{"line":42,"column":50}},"17":{"start":{"line":43,"column":8},"end":{"line":43,"column":38}},"18":{"start":{"line":44,"column":8},"end":{"line":73,"column":9}},"19":{"start":{"line":45,"column":10},"end":{"line":45,"column":43}},"20":{"start":{"line":46,"column":10},"end":{"line":46,"column":32}},"21":{"start":{"line":48,"column":10},"end":{"line":72,"column":13}},"22":{"start":{"line":49,"column":12},"end":{"line":49,"column":67}},"23":{"start":{"line":51,"column":12},"end":{"line":56,"column":13}},"24":{"start":{"line":52,"column":14},"end":{"line":52,"column":51}},"25":{"start":{"line":53,"column":14},"end":{"line":53,"column":51}},"26":{"start":{"line":54,"column":14},"end":{"line":54,"column":35}},"27":{"start":{"line":55,"column":14},"end":{"line":55,"column":21}},"28":{"start":{"line":57,"column":12},"end":{"line":69,"column":13}},"29":{"start":{"line":61,"column":14},"end":{"line":61,"column":76}},"30":{"start":{"line":62,"column":14},"end":{"line":68,"column":15}},"31":{"start":{"line":63,"column":16},"end":{"line":67,"column":19}},"32":{"start":{"line":64,"column":18},"end":{"line":66,"column":19}},"33":{"start":{"line":65,"column":20},"end":{"line":65,"column":86}},"34":{"start":{"line":70,"column":12},"end":{"line":70,"column":34}},"35":{"start":{"line":71,"column":12},"end":{"line":71,"column":34}},"36":{"start":{"line":79,"column":0},"end":{"line":100,"column":1}},"37":{"start":{"line":80,"column":2},"end":{"line":80,"column":27}},"38":{"start":{"line":81,"column":2},"end":{"line":81,"column":26}},"39":{"start":{"line":82,"column":2},"end":{"line":82,"column":21}},"40":{"start":{"line":83,"column":2},"end":{"line":99,"column":4}},"41":{"start":{"line":84,"column":4},"end":{"line":97,"column":5}},"42":{"start":{"line":85,"column":6},"end":{"line":88,"column":7}},"43":{"start":{"line":87,"column":8},"end":{"line":87,"column":15},"skip":true},"44":{"start":{"line":89,"column":6},"end":{"line":89,"column":41}},"45":{"start":{"line":90,"column":6},"end":{"line":96,"column":7}},"46":{"start":{"line":91,"column":8},"end":{"line":95,"column":9}},"47":{"start":{"line":92,"column":10},"end":{"line":94,"column":11}},"48":{"start":{"line":93,"column":12},"end":{"line":93,"column":19}},"49":{"start":{"line":98,"column":4},"end":{"line":98,"column":19}},"50":{"start":{"line":104,"column":0},"end":{"line":135,"column":1}},"51":{"start":{"line":105,"column":2},"end":{"line":107,"column":3}},"52":{"start":{"line":106,"column":4},"end":{"line":106,"column":66}},"53":{"start":{"line":108,"column":2},"end":{"line":110,"column":3}},"54":{"start":{"line":109,"column":4},"end":{"line":109,"column":79}},"55":{"start":{"line":111,"column":2},"end":{"line":113,"column":3}},"56":{"start":{"line":112,"column":4},"end":{"line":112,"column":65}},"57":{"start":{"line":114,"column":2},"end":{"line":114,"column":32}},"58":{"start":{"line":115,"column":2},"end":{"line":115,"column":25}},"59":{"start":{"line":116,"column":2},"end":{"line":125,"column":3}},"60":{"start":{"line":117,"column":4},"end":{"line":117,"column":48}},"61":{"start":{"line":118,"column":4},"end":{"line":124,"column":7}},"62":{"start":{"line":127,"column":2},"end":{"line":133,"column":5}},"63":{"start":{"line":128,"column":4},"end":{"line":128,"column":31}},"64":{"start":{"line":129,"column":4},"end":{"line":129,"column":29}},"65":{"start":{"line":130,"column":4},"end":{"line":132,"column":5}},"66":{"start":{"line":131,"column":6},"end":{"line":131,"column":73}},"67":{"start":{"line":134,"column":2},"end":{"line":134,"column":11}},"68":{"start":{"line":138,"column":0},"end":{"line":163,"column":1}},"69":{"start":{"line":139,"column":2},"end":{"line":139,"column":35}},"70":{"start":{"line":140,"column":2},"end":{"line":143,"column":3}},"71":{"start":{"line":141,"column":4},"end":{"line":141,"column":69}},"72":{"start":{"line":142,"column":4},"end":{"line":142,"column":50}},"73":{"start":{"line":144,"column":2},"end":{"line":144,"column":32}},"74":{"start":{"line":145,"column":2},"end":{"line":148,"column":3}},"75":{"start":{"line":146,"column":4},"end":{"line":146,"column":69}},"76":{"start":{"line":147,"column":4},"end":{"line":147,"column":50}},"77":{"start":{"line":149,"column":2},"end":{"line":162,"column":3}},"78":{"start":{"line":150,"column":4},"end":{"line":150,"column":49}},"79":{"start":{"line":151,"column":4},"end":{"line":156,"column":5}},"80":{"start":{"line":152,"column":6},"end":{"line":152,"column":34}},"81":{"start":{"line":155,"column":6},"end":{"line":155,"column":22}},"82":{"start":{"line":159,"column":4},"end":{"line":159,"column":56},"skip":true},"83":{"start":{"line":161,"column":4},"end":{"line":161,"column":14},"skip":true},"84":{"start":{"line":165,"column":0},"end":{"line":168,"column":2}}},"branchMap":{"1":{"line":32,"type":"if","locations":[{"start":{"line":32,"column":6},"end":{"line":32,"column":6}},{"start":{"line":32,"column":6},"end":{"line":32,"column":6}}]},"2":{"line":44,"type":"if","locations":[{"start":{"line":44,"column":8},"end":{"line":44,"column":8}},{"start":{"line":44,"column":8},"end":{"line":44,"column":8}}]},"3":{"line":51,"type":"if","locations":[{"start":{"line":51,"column":12},"end":{"line":51,"column":12}},{"start":{"line":51,"column":12},"end":{"line":51,"column":12}}]},"4":{"line":57,"type":"if","locations":[{"start":{"line":57,"column":12},"end":{"line":57,"column":12}},{"start":{"line":57,"column":12},"end":{"line":57,"column":12}}]},"5":{"line":57,"type":"binary-expr","locations":[{"start":{"line":57,"column":15},"end":{"line":57,"column":54}},{"start":{"line":57,"column":58},"end":{"line":57,"column":96}}]},"6":{"line":62,"type":"if","locations":[{"start":{"line":62,"column":14},"end":{"line":62,"column":14}},{"start":{"line":62,"column":14},"end":{"line":62,"column":14}}]},"7":{"line":64,"type":"if","locations":[{"start":{"line":64,"column":18},"end":{"line":64,"column":18}},{"start":{"line":64,"column":18},"end":{"line":64,"column":18}}]},"8":{"line":85,"type":"if","locations":[{"start":{"line":85,"column":6},"end":{"line":85,"column":6}},{"start":{"line":85,"column":6},"end":{"line":85,"column":6}}]},"9":{"line":91,"type":"if","locations":[{"start":{"line":91,"column":8},"end":{"line":91,"column":8}},{"start":{"line":91,"column":8},"end":{"line":91,"column":8}}]},"10":{"line":92,"type":"if","locations":[{"start":{"line":92,"column":10},"end":{"line":92,"column":10}},{"start":{"line":92,"column":10},"end":{"line":92,"column":10}}]},"11":{"line":92,"type":"binary-expr","locations":[{"start":{"line":92,"column":14},"end":{"line":92,"column":41}},{"start":{"line":92,"column":46},"end":{"line":92,"column":60}}]},"12":{"line":105,"type":"if","locations":[{"start":{"line":105,"column":2},"end":{"line":105,"column":2}},{"start":{"line":105,"column":2},"end":{"line":105,"column":2}}]},"13":{"line":108,"type":"if","locations":[{"start":{"line":108,"column":2},"end":{"line":108,"column":2}},{"start":{"line":108,"column":2},"end":{"line":108,"column":2}}]},"14":{"line":111,"type":"if","locations":[{"start":{"line":111,"column":2},"end":{"line":111,"column":2}},{"start":{"line":111,"column":2},"end":{"line":111,"column":2}}]},"15":{"line":140,"type":"if","locations":[{"start":{"line":140,"column":2},"end":{"line":140,"column":2}},{"start":{"line":140,"column":2},"end":{"line":140,"column":2}}]},"16":{"line":145,"type":"if","locations":[{"start":{"line":145,"column":2},"end":{"line":145,"column":2}},{"start":{"line":145,"column":2},"end":{"line":145,"column":2}}]}}}}