TN:
SF:/home/travis/build/arf/java-codegen-common/npm/lib/config.js
FN:27,(anonymous_1)
FN:37,(anonymous_2)
FN:46,(anonymous_3)
FN:57,(anonymous_4)
FN:79,(anonymous_5)
FN:124,Config
FNF:6
FNH:6
FNDA:7,(anonymous_1)
FNDA:52,(anonymous_2)
FNDA:4,(anonymous_3)
FNDA:17,(anonymous_4)
FNDA:11,(anonymous_5)
FNDA:51,Config
DA:19,1
DA:20,1
DA:21,1
DA:23,1
DA:24,1
DA:25,1
DA:27,1
DA:28,7
DA:29,7
DA:30,3
DA:31,3
DA:32,2
DA:33,2
DA:34,1
DA:37,1
DA:38,52
DA:39,52
DA:40,275
DA:41,275
DA:43,52
DA:46,1
DA:48,4
DA:49,112
DA:50,88
DA:51,3
DA:57,1
DA:58,17
DA:60,17
DA:62,18
DA:63,18
DA:64,8
DA:66,2
DA:67,1
DA:68,1
DA:70,1
DA:73,17
DA:76,16
DA:79,1
DA:80,11
DA:82,11
DA:83,11
DA:85,11
DA:86,3
DA:87,3
DA:88,3
DA:90,0
DA:91,0
DA:92,0
DA:94,0
DA:97,11
DA:100,11
DA:103,1
DA:104,30
DA:105,30
DA:106,34
DA:108,34
DA:109,19
DA:111,6
DA:112,3
DA:113,3
DA:115,3
DA:118,31
DA:121,27
DA:124,1
DA:125,51
DA:126,51
DA:127,51
DA:128,51
DA:129,51
DA:130,51
DA:132,51
DA:133,18
DA:136,51
DA:137,6
DA:140,51
DA:141,6
DA:144,51
DA:145,10
DA:146,15
DA:147,15
DA:148,13
DA:151,10
DA:152,13
DA:153,13
DA:154,13
DA:155,13
DA:156,13
DA:157,13
DA:158,35
DA:159,35
DA:160,0
DA:162,35
DA:163,1
DA:165,34
DA:166,34
DA:167,34
DA:168,34
DA:170,0
DA:174,1
DA:175,1
DA:176,1
DA:181,51
DA:184,1
LF:103
LH:97
BRDA:29,1,0,4
BRDA:29,1,1,3
BRDA:29,2,0,7
BRDA:29,2,1,5
BRDA:29,2,2,4
BRDA:31,3,0,1
BRDA:31,3,1,2
BRDA:31,4,0,3
BRDA:31,4,1,3
BRDA:33,5,0,1
BRDA:33,5,1,1
BRDA:33,6,0,2
BRDA:33,6,1,2
BRDA:49,7,0,88
BRDA:49,7,1,24
BRDA:50,8,0,3
BRDA:50,8,1,85
BRDA:58,9,0,17
BRDA:58,9,1,0
BRDA:64,10,0,2
BRDA:64,10,1,6
BRDA:64,11,0,8
BRDA:64,11,1,3
BRDA:66,12,0,1
BRDA:66,12,1,1
BRDA:66,13,0,2
BRDA:66,13,1,1
BRDA:73,14,0,16
BRDA:73,14,1,1
BRDA:80,15,0,11
BRDA:80,15,1,0
BRDA:88,16,0,0
BRDA:88,16,1,3
BRDA:90,17,0,0
BRDA:90,17,1,0
BRDA:97,18,0,11
BRDA:97,18,1,0
BRDA:104,19,0,30
BRDA:104,19,1,0
BRDA:109,20,0,6
BRDA:109,20,1,13
BRDA:111,21,0,3
BRDA:111,21,1,3
BRDA:118,22,0,28
BRDA:118,22,1,3
BRDA:125,23,0,51
BRDA:125,23,1,27
BRDA:147,24,0,13
BRDA:147,24,1,2
BRDA:159,25,0,0
BRDA:159,25,1,35
BRDA:162,26,0,1
BRDA:162,26,1,34
BRDA:167,27,0,34
BRDA:167,27,1,0
BRF:55
BRH:46
end_of_record
TN:
SF:/home/travis/build/arf/java-codegen-common/npm/lib/helpers.js
FN:22,(anonymous_1)
FN:34,(anonymous_2)
FN:47,(anonymous_3)
FN:52,(anonymous_4)
FN:56,(anonymous_5)
FNF:5
FNH:5
FNDA:8,(anonymous_1)
FNDA:4,(anonymous_2)
FNDA:1,(anonymous_3)
FNDA:1,(anonymous_4)
FNDA:3,(anonymous_5)
DA:19,1
DA:22,1
DA:23,8
DA:25,8
DA:26,4
DA:27,4
DA:30,4
DA:34,1
DA:35,4
DA:37,4
DA:38,2
DA:40,2
DA:43,2
DA:47,1
DA:48,1
DA:52,1
DA:53,1
DA:56,1
DA:57,3
DA:58,6
DA:59,2
DA:62,1
DA:65,1
LF:23
LH:23
BRDA:23,1,0,2
BRDA:23,1,1,6
BRDA:25,2,0,4
BRDA:25,2,1,4
BRDA:35,3,0,2
BRDA:35,3,1,2
BRDA:37,4,0,2
BRDA:37,4,1,2
BRDA:58,5,0,2
BRDA:58,5,1,4
BRDA:58,6,0,6
BRDA:58,6,1,3
BRF:12
BRH:12
end_of_record
TN:
SF:/home/travis/build/arf/java-codegen-common/npm/lib/control.js
FN:31,Control
FN:43,(anonymous_2)
FN:47,(anonymous_3)
FN:51,(anonymous_4)
FN:56,(anonymous_5)
FN:61,(anonymous_6)
FN:108,(anonymous_7)
FN:136,(anonymous_8)
FN:145,(anonymous_9)
FN:154,(anonymous_10)
FNF:10
FNH:9
FNDA:22,Control
FNDA:2,(anonymous_2)
FNDA:10,(anonymous_3)
FNDA:9,(anonymous_4)
FNDA:2,(anonymous_5)
FNDA:20,(anonymous_6)
FNDA:14,(anonymous_7)
FNDA:11,(anonymous_8)
FNDA:4,(anonymous_9)
FNDA:0,(anonymous_10)
DA:19,1
DA:20,1
DA:21,1
DA:22,1
DA:23,1
DA:24,1
DA:27,1
DA:29,1
DA:31,1
DA:32,22
DA:33,1
DA:35,21
DA:36,1
DA:38,20
DA:39,20
DA:40,20
DA:43,1
DA:44,2
DA:47,1
DA:48,10
DA:51,1
DA:52,9
DA:56,1
DA:57,2
DA:61,1
DA:63,20
DA:64,20
DA:65,20
DA:67,9
DA:71,11
DA:72,11
DA:73,11
DA:74,11
DA:75,11
DA:76,11
DA:77,10
DA:78,10
DA:79,10
DA:80,6
DA:81,6
DA:82,6
DA:83,6
DA:85,0
DA:86,0
DA:87,0
DA:89,0
DA:93,6
DA:96,6
DA:100,1
DA:101,1
DA:102,1
DA:104,10
DA:108,1
DA:109,14
DA:110,6
DA:112,8
DA:113,1
DA:115,7
DA:116,7
DA:117,7
DA:119,2
DA:123,5
DA:124,5
DA:125,5
DA:126,5
DA:128,2
DA:133,3
DA:136,1
DA:137,11
DA:138,1
DA:140,10
DA:145,1
DA:146,4
DA:147,2
DA:149,2
DA:154,1
DA:155,0
DA:156,0
DA:158,0
DA:162,1
LF:80
LH:73
BRDA:32,1,0,1
BRDA:32,1,1,21
BRDA:35,2,0,1
BRDA:35,2,1,20
BRDA:65,3,0,9
BRDA:65,3,1,11
BRDA:77,4,0,10
BRDA:77,4,1,0
BRDA:79,5,0,6
BRDA:79,5,1,4
BRDA:83,6,0,0
BRDA:83,6,1,6
BRDA:86,7,0,0
BRDA:86,7,1,0
BRDA:109,8,0,6
BRDA:109,8,1,8
BRDA:112,9,0,1
BRDA:112,9,1,7
BRDA:112,10,0,8
BRDA:112,10,1,1
BRDA:115,11,0,7
BRDA:115,11,1,0
BRDA:117,12,0,2
BRDA:117,12,1,5
BRDA:123,13,0,5
BRDA:123,13,1,0
BRDA:126,14,0,2
BRDA:126,14,1,3
BRDA:137,15,0,1
BRDA:137,15,1,10
BRDA:137,16,0,11
BRDA:137,16,1,6
BRDA:146,17,0,2
BRDA:146,17,1,2
BRDA:146,18,0,4
BRDA:146,18,1,4
BRDA:155,19,0,0
BRDA:155,19,1,0
BRDA:155,20,0,0
BRDA:155,20,1,0
BRF:40
BRH:30
end_of_record
TN:
SF:/home/travis/build/arf/java-codegen-common/npm/lib/javarules.js
FN:19,convertToJavaName
FN:44,(anonymous_2)
FN:48,(anonymous_3)
FN:52,(anonymous_4)
FNF:4
FNH:0
FNDA:0,convertToJavaName
FNDA:0,(anonymous_2)
FNDA:0,(anonymous_3)
FNDA:0,(anonymous_4)
DA:19,1
DA:20,0
DA:21,0
DA:22,0
DA:23,0
DA:24,0
DA:25,0
DA:26,0
DA:27,0
DA:29,0
DA:32,0
DA:34,0
DA:35,0
DA:37,0
DA:38,0
DA:41,0
DA:44,1
DA:45,0
DA:48,1
DA:49,0
DA:52,1
DA:53,0
DA:54,0
DA:55,0
DA:58,1
LF:25
LH:5
BRDA:20,1,0,0
BRDA:20,1,1,0
BRDA:25,2,0,0
BRDA:25,2,1,0
BRDA:26,3,0,0
BRDA:26,3,1,0
BRDA:32,4,0,0
BRDA:32,4,1,0
BRDA:53,5,0,0
BRDA:53,5,1,0
BRDA:54,6,0,0
BRDA:54,6,1,0
BRF:12
BRH:0
end_of_record
TN:
SF:/home/travis/build/arf/java-codegen-common/npm/lib/log.js
FN:21,(anonymous_1)
FN:33,(anonymous_2)
FN:38,(anonymous_3)
FNF:3
FNH:3
FNDA:30,(anonymous_1)
FNDA:4,(anonymous_2)
FNDA:5,(anonymous_3)
DA:19,1
DA:21,1
DA:22,30
DA:23,1
DA:24,1
DA:26,29
DA:27,5
DA:29,24
DA:33,1
DA:34,4
DA:38,1
DA:39,5
DA:42,1
LF:13
LH:13
BRDA:22,1,0,1
BRDA:22,1,1,29
BRDA:26,2,0,5
BRDA:26,2,1,24
BRDA:26,3,0,29
BRDA:26,3,1,24
BRDA:26,3,2,24
BRF:7
BRH:7
end_of_record
TN:
SF:/home/travis/build/arf/java-codegen-common/npm/lib/fsprocessor.js
FN:29,(anonymous_1)
FN:79,Resolver
FN:83,(anonymous_3)
FN:104,(anonymous_4)
FN:138,(anonymous_5)
FNF:5
FNH:5
FNDA:12,(anonymous_1)
FNDA:5,Resolver
FNDA:10,(anonymous_3)
FNDA:8,(anonymous_4)
FNDA:5,(anonymous_5)
DA:21,1
DA:22,1
DA:23,1
DA:24,1
DA:26,1
DA:29,1
DA:30,12
DA:31,12
DA:32,12
DA:34,1
DA:35,1
DA:36,1
DA:37,1
DA:40,11
DA:41,11
DA:42,17
DA:43,17
DA:44,17
DA:45,6
DA:46,6
DA:48,11
DA:49,11
DA:51,11
DA:52,1
DA:53,1
DA:54,1
DA:55,1
DA:57,10
DA:61,9
DA:62,9
DA:63,9
DA:64,9
DA:65,7
DA:70,10
DA:71,10
DA:79,1
DA:80,5
DA:81,5
DA:82,5
DA:83,5
DA:84,10
DA:85,11
DA:87,1
DA:89,11
DA:90,11
DA:91,35
DA:92,35
DA:93,7
DA:98,3
DA:104,1
DA:105,8
DA:106,1
DA:108,7
DA:109,1
DA:111,6
DA:112,1
DA:114,5
DA:115,5
DA:116,5
DA:117,6
DA:118,6
DA:127,5
DA:128,5
DA:129,5
DA:130,5
DA:131,6
DA:134,5
DA:138,1
DA:139,5
DA:140,5
DA:141,1
DA:142,1
DA:144,4
DA:145,4
DA:146,1
DA:147,1
DA:149,3
DA:150,3
DA:151,3
DA:152,3
DA:155,2
DA:159,1
DA:161,1
DA:165,1
LF:84
LH:84
BRDA:32,1,0,1
BRDA:32,1,1,11
BRDA:44,2,0,6
BRDA:44,2,1,11
BRDA:51,3,0,1
BRDA:51,3,1,10
BRDA:57,4,0,1
BRDA:57,4,1,9
BRDA:57,5,0,10
BRDA:57,5,1,9
BRDA:62,6,0,9
BRDA:62,6,1,0
BRDA:64,7,0,7
BRDA:64,7,1,2
BRDA:85,8,0,0
BRDA:85,8,1,11
BRDA:91,9,0,35
BRDA:91,9,1,0
BRDA:92,10,0,7
BRDA:92,10,1,28
BRDA:92,11,0,35
BRDA:92,11,1,35
BRDA:105,12,0,1
BRDA:105,12,1,7
BRDA:108,13,0,1
BRDA:108,13,1,6
BRDA:111,14,0,1
BRDA:111,14,1,5
BRDA:140,15,0,1
BRDA:140,15,1,4
BRDA:145,16,0,1
BRDA:145,16,1,3
BRF:32
BRH:29
end_of_record
