TN:
SF:/home/travis/build/arf/java-codegen-common/npm/lib/config.js
FN:29,(anonymous_1)
FN:39,(anonymous_2)
FN:48,(anonymous_3)
FN:59,(anonymous_4)
FN:71,(anonymous_5)
FN:93,(anonymous_6)
FN:138,Config
FN:158,(anonymous_8)
FNF:8
FNH:8
FNDA:7,(anonymous_1)
FNDA:55,(anonymous_2)
FNDA:4,(anonymous_3)
FNDA:2,(anonymous_4)
FNDA:17,(anonymous_5)
FNDA:11,(anonymous_6)
FNDA:54,Config
FNDA:11,(anonymous_8)
DA:19,1
DA:20,1
DA:21,1
DA:23,1
DA:25,1
DA:26,1
DA:27,1
DA:29,1
DA:30,7
DA:31,7
DA:32,3
DA:33,3
DA:34,2
DA:35,2
DA:36,1
DA:39,1
DA:40,55
DA:41,55
DA:42,286
DA:43,286
DA:45,55
DA:48,1
DA:50,4
DA:51,116
DA:52,88
DA:53,3
DA:59,1
DA:61,2
DA:62,1
DA:64,1
DA:65,11
DA:66,11
DA:71,1
DA:72,17
DA:74,17
DA:76,18
DA:77,18
DA:78,8
DA:80,2
DA:81,1
DA:82,1
DA:84,1
DA:87,17
DA:90,16
DA:93,1
DA:94,11
DA:96,11
DA:97,11
DA:99,11
DA:100,3
DA:101,3
DA:102,3
DA:104,0
DA:105,0
DA:106,0
DA:108,0
DA:111,11
DA:114,11
DA:117,1
DA:118,31
DA:119,31
DA:120,35
DA:122,35
DA:123,19
DA:125,6
DA:126,3
DA:127,3
DA:129,3
DA:132,32
DA:135,28
DA:138,1
DA:139,54
DA:140,54
DA:141,54
DA:142,54
DA:143,54
DA:144,54
DA:146,54
DA:147,19
DA:150,54
DA:151,6
DA:154,54
DA:155,6
DA:158,54
DA:159,11
DA:160,16
DA:161,16
DA:162,16
DA:163,14
DA:166,11
DA:167,14
DA:168,14
DA:169,14
DA:170,14
DA:171,14
DA:172,14
DA:173,36
DA:174,36
DA:175,0
DA:177,36
DA:178,1
DA:180,35
DA:181,35
DA:182,35
DA:183,35
DA:185,0
DA:189,1
DA:190,1
DA:191,1
DA:196,54
DA:199,1
LF:111
LH:105
BRDA:31,1,0,4
BRDA:31,1,1,3
BRDA:31,2,0,7
BRDA:31,2,1,5
BRDA:31,2,2,4
BRDA:33,3,0,1
BRDA:33,3,1,2
BRDA:33,4,0,3
BRDA:33,4,1,3
BRDA:35,5,0,1
BRDA:35,5,1,1
BRDA:35,6,0,2
BRDA:35,6,1,2
BRDA:51,7,0,88
BRDA:51,7,1,28
BRDA:52,8,0,3
BRDA:52,8,1,85
BRDA:61,9,0,1
BRDA:61,9,1,1
BRDA:65,10,0,11
BRDA:65,10,1,0
BRDA:66,11,0,11
BRDA:66,11,1,10
BRDA:72,12,0,17
BRDA:72,12,1,0
BRDA:78,13,0,2
BRDA:78,13,1,6
BRDA:78,14,0,8
BRDA:78,14,1,3
BRDA:80,15,0,1
BRDA:80,15,1,1
BRDA:80,16,0,2
BRDA:80,16,1,1
BRDA:87,17,0,16
BRDA:87,17,1,1
BRDA:94,18,0,11
BRDA:94,18,1,0
BRDA:102,19,0,0
BRDA:102,19,1,3
BRDA:104,20,0,0
BRDA:104,20,1,0
BRDA:111,21,0,11
BRDA:111,21,1,0
BRDA:118,22,0,31
BRDA:118,22,1,0
BRDA:123,23,0,6
BRDA:123,23,1,13
BRDA:125,24,0,3
BRDA:125,24,1,3
BRDA:132,25,0,29
BRDA:132,25,1,3
BRDA:139,26,0,54
BRDA:139,26,1,29
BRDA:162,27,0,14
BRDA:162,27,1,2
BRDA:174,28,0,0
BRDA:174,28,1,36
BRDA:177,29,0,1
BRDA:177,29,1,35
BRDA:182,30,0,35
BRDA:182,30,1,0
BRF:61
BRH:51
end_of_record
TN:
SF:/home/travis/build/arf/java-codegen-common/npm/lib/helpers.js
FN:22,(anonymous_1)
FN:34,(anonymous_2)
FN:47,(anonymous_3)
FN:52,(anonymous_4)
FN:56,(anonymous_5)
FNF:5
FNH:5
FNDA:9,(anonymous_1)
FNDA:4,(anonymous_2)
FNDA:1,(anonymous_3)
FNDA:1,(anonymous_4)
FNDA:3,(anonymous_5)
DA:19,1
DA:22,1
DA:23,9
DA:25,9
DA:26,5
DA:27,5
DA:30,4
DA:34,1
DA:35,4
DA:37,4
DA:38,2
DA:40,2
DA:43,2
DA:47,1
DA:48,1
DA:52,1
DA:53,1
DA:56,1
DA:57,3
DA:58,6
DA:59,2
DA:62,1
DA:65,1
LF:23
LH:23
BRDA:23,1,0,2
BRDA:23,1,1,7
BRDA:25,2,0,5
BRDA:25,2,1,4
BRDA:35,3,0,2
BRDA:35,3,1,2
BRDA:37,4,0,2
BRDA:37,4,1,2
BRDA:58,5,0,2
BRDA:58,5,1,4
BRDA:58,6,0,6
BRDA:58,6,1,3
BRF:12
BRH:12
end_of_record
TN:
SF:/home/travis/build/arf/java-codegen-common/npm/lib/log.js
FN:21,(anonymous_1)
FN:33,(anonymous_2)
FN:38,(anonymous_3)
FNF:3
FNH:3
FNDA:46,(anonymous_1)
FNDA:4,(anonymous_2)
FNDA:5,(anonymous_3)
DA:19,1
DA:21,1
DA:22,46
DA:23,1
DA:24,1
DA:26,45
DA:27,5
DA:29,40
DA:33,1
DA:34,4
DA:38,1
DA:39,5
DA:42,1
LF:13
LH:13
BRDA:22,1,0,1
BRDA:22,1,1,45
BRDA:26,2,0,5
BRDA:26,2,1,40
BRDA:26,3,0,45
BRDA:26,3,1,40
BRDA:26,3,2,40
BRF:7
BRH:7
end_of_record
TN:
SF:/home/travis/build/arf/java-codegen-common/npm/lib/control.js
FN:31,Control
FN:43,(anonymous_2)
FN:47,(anonymous_3)
FN:51,(anonymous_4)
FN:56,(anonymous_5)
FN:61,(anonymous_6)
FN:108,(anonymous_7)
FN:136,(anonymous_8)
FN:145,(anonymous_9)
FN:154,(anonymous_10)
FNF:10
FNH:9
FNDA:22,Control
FNDA:2,(anonymous_2)
FNDA:10,(anonymous_3)
FNDA:9,(anonymous_4)
FNDA:2,(anonymous_5)
FNDA:20,(anonymous_6)
FNDA:14,(anonymous_7)
FNDA:11,(anonymous_8)
FNDA:4,(anonymous_9)
FNDA:0,(anonymous_10)
DA:19,1
DA:20,1
DA:21,1
DA:22,1
DA:23,1
DA:24,1
DA:27,1
DA:29,1
DA:31,1
DA:32,22
DA:33,1
DA:35,21
DA:36,1
DA:38,20
DA:39,20
DA:40,20
DA:43,1
DA:44,2
DA:47,1
DA:48,10
DA:51,1
DA:52,9
DA:56,1
DA:57,2
DA:61,1
DA:63,20
DA:64,20
DA:65,20
DA:67,9
DA:71,11
DA:72,11
DA:73,11
DA:74,11
DA:75,11
DA:76,11
DA:77,10
DA:78,10
DA:79,10
DA:80,6
DA:81,6
DA:82,6
DA:83,6
DA:85,0
DA:86,0
DA:87,0
DA:89,0
DA:93,6
DA:96,6
DA:100,1
DA:101,1
DA:102,1
DA:104,10
DA:108,1
DA:109,14
DA:110,6
DA:112,8
DA:113,1
DA:115,7
DA:116,7
DA:117,7
DA:119,2
DA:123,5
DA:124,5
DA:125,5
DA:126,5
DA:128,2
DA:133,3
DA:136,1
DA:137,11
DA:138,1
DA:140,10
DA:145,1
DA:146,4
DA:147,2
DA:149,2
DA:154,1
DA:155,0
DA:156,0
DA:158,0
DA:162,1
LF:80
LH:73
BRDA:32,1,0,1
BRDA:32,1,1,21
BRDA:35,2,0,1
BRDA:35,2,1,20
BRDA:65,3,0,9
BRDA:65,3,1,11
BRDA:77,4,0,10
BRDA:77,4,1,0
BRDA:79,5,0,6
BRDA:79,5,1,4
BRDA:83,6,0,0
BRDA:83,6,1,6
BRDA:86,7,0,0
BRDA:86,7,1,0
BRDA:109,8,0,6
BRDA:109,8,1,8
BRDA:112,9,0,1
BRDA:112,9,1,7
BRDA:112,10,0,8
BRDA:112,10,1,1
BRDA:115,11,0,7
BRDA:115,11,1,0
BRDA:117,12,0,2
BRDA:117,12,1,5
BRDA:123,13,0,5
BRDA:123,13,1,0
BRDA:126,14,0,2
BRDA:126,14,1,3
BRDA:137,15,0,1
BRDA:137,15,1,10
BRDA:137,16,0,11
BRDA:137,16,1,6
BRDA:146,17,0,2
BRDA:146,17,1,2
BRDA:146,18,0,4
BRDA:146,18,1,4
BRDA:155,19,0,0
BRDA:155,19,1,0
BRDA:155,20,0,0
BRDA:155,20,1,0
BRF:40
BRH:30
end_of_record
TN:
SF:/home/travis/build/arf/java-codegen-common/npm/lib/javarules.js
FN:19,convertToJavaName
FN:44,(anonymous_2)
FN:48,(anonymous_3)
FN:52,(anonymous_4)
FNF:4
FNH:0
FNDA:0,convertToJavaName
FNDA:0,(anonymous_2)
FNDA:0,(anonymous_3)
FNDA:0,(anonymous_4)
DA:19,1
DA:20,0
DA:21,0
DA:22,0
DA:23,0
DA:24,0
DA:25,0
DA:26,0
DA:27,0
DA:29,0
DA:32,0
DA:34,0
DA:35,0
DA:37,0
DA:38,0
DA:41,0
DA:44,1
DA:45,0
DA:48,1
DA:49,0
DA:52,1
DA:53,0
DA:54,0
DA:55,0
DA:58,1
LF:25
LH:5
BRDA:20,1,0,0
BRDA:20,1,1,0
BRDA:25,2,0,0
BRDA:25,2,1,0
BRDA:26,3,0,0
BRDA:26,3,1,0
BRDA:32,4,0,0
BRDA:32,4,1,0
BRDA:53,5,0,0
BRDA:53,5,1,0
BRDA:54,6,0,0
BRDA:54,6,1,0
BRF:12
BRH:0
end_of_record
TN:
SF:/home/travis/build/arf/java-codegen-common/npm/lib/defaults.js
FN:21,(anonymous_1)
FN:25,(anonymous_2)
FN:29,(anonymous_3)
FN:37,(anonymous_4)
FNF:4
FNH:3
FNDA:1,(anonymous_1)
FNDA:2,(anonymous_2)
FNDA:3,(anonymous_3)
FNDA:0,(anonymous_4)
DA:22,1
DA:26,2
DA:30,3
DA:31,1
DA:33,2
DA:38,0
DA:39,0
DA:40,0
DA:41,0
DA:46,1
LF:10
LH:6
BRDA:30,1,0,1
BRDA:30,1,1,2
BRF:2
BRH:2
end_of_record
TN:
SF:/home/travis/build/arf/java-codegen-common/npm/lib/fsprocessor.js
FN:29,(anonymous_1)
FN:79,Resolver
FN:83,(anonymous_3)
FN:104,(anonymous_4)
FN:138,(anonymous_5)
FNF:5
FNH:5
FNDA:12,(anonymous_1)
FNDA:5,Resolver
FNDA:10,(anonymous_3)
FNDA:8,(anonymous_4)
FNDA:5,(anonymous_5)
DA:21,1
DA:22,1
DA:23,1
DA:24,1
DA:26,1
DA:29,1
DA:30,12
DA:31,12
DA:32,12
DA:34,1
DA:35,1
DA:36,1
DA:37,1
DA:40,11
DA:41,11
DA:42,17
DA:43,17
DA:44,17
DA:45,6
DA:46,6
DA:48,11
DA:49,11
DA:51,11
DA:52,1
DA:53,1
DA:54,1
DA:55,1
DA:57,10
DA:61,9
DA:62,9
DA:63,9
DA:64,9
DA:65,7
DA:70,10
DA:71,10
DA:79,1
DA:80,5
DA:81,5
DA:82,5
DA:83,5
DA:84,10
DA:85,11
DA:87,1
DA:89,11
DA:90,11
DA:91,35
DA:92,35
DA:93,7
DA:98,3
DA:104,1
DA:105,8
DA:106,1
DA:108,7
DA:109,1
DA:111,6
DA:112,1
DA:114,5
DA:115,5
DA:116,5
DA:117,6
DA:118,6
DA:127,5
DA:128,5
DA:129,5
DA:130,5
DA:131,6
DA:134,5
DA:138,1
DA:139,5
DA:140,5
DA:141,1
DA:142,1
DA:144,4
DA:145,4
DA:146,1
DA:147,1
DA:149,3
DA:150,3
DA:151,3
DA:152,3
DA:155,2
DA:159,1
DA:161,1
DA:165,1
LF:84
LH:84
BRDA:32,1,0,1
BRDA:32,1,1,11
BRDA:44,2,0,6
BRDA:44,2,1,11
BRDA:51,3,0,1
BRDA:51,3,1,10
BRDA:57,4,0,1
BRDA:57,4,1,9
BRDA:57,5,0,10
BRDA:57,5,1,9
BRDA:62,6,0,9
BRDA:62,6,1,0
BRDA:64,7,0,7
BRDA:64,7,1,2
BRDA:85,8,0,0
BRDA:85,8,1,11
BRDA:91,9,0,35
BRDA:91,9,1,0
BRDA:92,10,0,7
BRDA:92,10,1,28
BRDA:92,11,0,35
BRDA:92,11,1,35
BRDA:105,12,0,1
BRDA:105,12,1,7
BRDA:108,13,0,1
BRDA:108,13,1,6
BRDA:111,14,0,1
BRDA:111,14,1,5
BRDA:140,15,0,1
BRDA:140,15,1,4
BRDA:145,16,0,1
BRDA:145,16,1,3
BRF:32
BRH:29
end_of_record
